Arguments: 
  /usr/local/bin/node /usr/local/bin/yarn add -D webapck webpack-cli

PATH: 
  /Users/lz-myair/.rvm/gems/ruby-2.0.0-p648/bin:/Users/lz-myair/.rvm/gems/ruby-2.0.0-p648@global/bin:/Users/lz-myair/.rvm/rubies/ruby-2.0.0-p648/bin:/usr/local/bin:/usr/bin:/bin:/usr/sbin:/sbin:/Users/lz-myair/.rvm/gems/ruby-2.0.0-p648/bin:/Users/lz-myair/.rvm/gems/ruby-2.0.0-p648@global/bin:/Users/lz-myair/.rvm/rubies/ruby-2.0.0-p648/bin:/Users/lz-myair/.rvm/bin

Yarn version: 
  1.22.4

Node version: 
  8.10.0

Platform: 
  darwin x64

Trace: 
  Error: https://registry.npm.taobao.org/webapck: Not found
      at Request.params.callback [as _callback] (/usr/local/lib/node_modules/yarn/lib/cli.js:66987:18)
      at Request.self.callback (/usr/local/lib/node_modules/yarn/lib/cli.js:140748:22)
      at emitTwo (events.js:126:13)
      at Request.emit (events.js:214:7)
      at Request.<anonymous> (/usr/local/lib/node_modules/yarn/lib/cli.js:141720:10)
      at emitOne (events.js:116:13)
      at Request.emit (events.js:211:7)
      at IncomingMessage.<anonymous> (/usr/local/lib/node_modules/yarn/lib/cli.js:141642:12)
      at Object.onceWrapper (events.js:313:30)
      at emitNone (events.js:111:20)

npm manifest: 
  {
    "name": "webpack-test",
    "version": "1.0.0",
    "description": "webpack尝试",
    "main": "index.js",
    "scripts": {
      "test": "echo \"Error: no test specified\" && exit 1"
    },
    "author": "",
    "license": "ISC"
  }

yarn manifest: 
  No manifest

Lockfile: 
  No lockfile
